Copyright 1986-2022 Xilinx, Inc. All Rights Reserved. Copyright 2022-2025 Advanced Micro Devices, Inc. All Rights Reserved.
---------------------------------------------------------------------------------------------------------------------------------------------
| Tool Version : Vivado v.2025.1 (win64) Build 6140274 Thu May 22 00:12:29 MDT 2025
| Date         : Thu Aug 14 12:07:45 2025
| Host         : The_Pwnerer1337 running 64-bit major release  (build 9200)
| Command      : report_control_sets -verbose -file led_system_wrapper_control_sets_placed.rpt
| Design       : led_system_wrapper
| Device       : xc7z007s
---------------------------------------------------------------------------------------------------------------------------------------------

Control Set Information

Table of Contents
-----------------
1. Summary
2. Histogram
3. Flip-Flop Distribution
4. Detailed Control Set Information

1. Summary
----------

+----------------------------------------------------------+-------+
|                          Status                          | Count |
+----------------------------------------------------------+-------+
| Total control sets                                       |    60 |
|    Minimum number of control sets                        |    60 |
|    Addition due to synthesis replication                 |     0 |
|    Addition due to physical synthesis replication        |     0 |
| Unused register locations in slices containing registers |   173 |
+----------------------------------------------------------+-------+
* Control sets can be merged at opt_design using control_set_merge or merge_equivalent_drivers
** Run report_qor_suggestions for automated merging and remapping suggestions


2. Histogram
------------

+--------------------+-------+
|       Fanout       | Count |
+--------------------+-------+
| Total control sets |    60 |
| >= 0 to < 4        |    16 |
| >= 4 to < 6        |     3 |
| >= 6 to < 8        |     2 |
| >= 8 to < 10       |    20 |
| >= 10 to < 12      |     2 |
| >= 12 to < 14      |     6 |
| >= 14 to < 16      |     0 |
| >= 16              |    11 |
+--------------------+-------+
* Control sets can be remapped at either synth_design or opt_design


3. Flip-Flop Distribution
-------------------------

+--------------+-----------------------+------------------------+-----------------+--------------+
| Clock Enable | Synchronous Set/Reset | Asynchronous Set/Reset | Total Registers | Total Slices |
+--------------+-----------------------+------------------------+-----------------+--------------+
| No           | No                    | No                     |             139 |           44 |
| No           | No                    | Yes                    |              27 |            9 |
| No           | Yes                   | No                     |              67 |           33 |
| Yes          | No                    | No                     |             224 |           56 |
| Yes          | No                    | Yes                    |               0 |            0 |
| Yes          | Yes                   | No                     |             298 |           77 |
+--------------+-----------------------+------------------------+-----------------+--------------+


4. Detailed Control Set Information
-----------------------------------

+---------------------------------------------------+---------------------------------------------------------------------------------------------------------------------------------------------------------------------+------------------------------------------------------------------------------------------------------------------------+------------------+----------------+--------------+
|                    Clock Signal                   |                                                                            Enable Signal                                                                            |                                                    Set/Reset Signal                                                    | Slice Load Count | Bel Load Count | Bels / Slice |
+---------------------------------------------------+---------------------------------------------------------------------------------------------------------------------------------------------------------------------+------------------------------------------------------------------------------------------------------------------------+------------------+----------------+--------------+
|  led_system_i/processing_system7_0/inst/FCLK_CLK0 |                                                                                                                                                                     | led_system_i/axi_smc/inst/s00_nodes/s00_b_node/inst/s_sc_areset_pipe                                                   |                1 |              1 |         1.00 |
|  led_system_i/processing_system7_0/inst/FCLK_CLK0 |                                                                                                                                                                     | led_system_i/axi_smc/inst/s00_nodes/s00_ar_node/inst/s_sc_areset_pipe                                                  |                1 |              1 |         1.00 |
|  led_system_i/processing_system7_0/inst/FCLK_CLK0 |                                                                                                                                                                     | led_system_i/axi_smc/inst/s00_nodes/s00_aw_node/inst/s_sc_areset_pipe                                                  |                1 |              1 |         1.00 |
|  led_system_i/processing_system7_0/inst/FCLK_CLK0 |                                                                                                                                                                     | led_system_i/axi_smc/inst/s00_nodes/s00_r_node/inst/s_sc_areset_pipe                                                   |                1 |              1 |         1.00 |
|  led_system_i/processing_system7_0/inst/FCLK_CLK0 |                                                                                                                                                                     | led_system_i/axi_smc/inst/s00_nodes/s00_w_node/inst/s_sc_areset_pipe                                                   |                1 |              1 |         1.00 |
|  led_system_i/processing_system7_0/inst/FCLK_CLK0 | led_system_i/axi_smc/inst/s00_nodes/s00_ar_node/inst/inst_mi_handler/gen_normal_area.inst_fifo_node_payld/gen_reg_fifo.inst_reg_fifo/gen_single_rank.inst_cntr/E[0] |                                                                                                                        |                1 |              2 |         2.00 |
|  led_system_i/processing_system7_0/inst/FCLK_CLK0 | led_system_i/axi_smc/inst/s00_nodes/s00_aw_node/inst/inst_mi_handler/gen_normal_area.inst_fifo_node_payld/gen_reg_fifo.inst_reg_fifo/gen_single_rank.inst_cntr/E[0] |                                                                                                                        |                1 |              2 |         2.00 |
|  led_system_i/processing_system7_0/inst/FCLK_CLK0 |                                                                                                                                                                     | led_system_i/axi_smc/inst/s00_entry_pipeline/s00_si_converter/inst/xpm_cdc_async_rst_inst/reset_pol                    |                1 |              3 |         3.00 |
|  led_system_i/processing_system7_0/inst/FCLK_CLK0 |                                                                                                                                                                     | led_system_i/axi_smc/inst/m00_exit_pipeline/m00_exit/inst/xpm_cdc_async_rst_inst/reset_pol                             |                1 |              3 |         3.00 |
|  led_system_i/processing_system7_0/inst/FCLK_CLK0 |                                                                                                                                                                     | led_system_i/axi_smc/inst/s00_nodes/s00_ar_node/inst/s_sc_xpm_cdc_async_rst_inst/reset_pol                             |                1 |              3 |         3.00 |
|  led_system_i/processing_system7_0/inst/FCLK_CLK0 |                                                                                                                                                                     | led_system_i/axi_smc/inst/s00_entry_pipeline/s00_mmu/inst/xpm_cdc_async_rst_inst/reset_pol                             |                1 |              3 |         3.00 |
|  led_system_i/processing_system7_0/inst/FCLK_CLK0 |                                                                                                                                                                     | led_system_i/axi_smc/inst/s00_entry_pipeline/s00_transaction_regulator/inst/xpm_cdc_async_rst_inst/reset_pol           |                1 |              3 |         3.00 |
|  led_system_i/processing_system7_0/inst/FCLK_CLK0 |                                                                                                                                                                     | led_system_i/axi_smc/inst/s00_nodes/s00_aw_node/inst/s_sc_xpm_cdc_async_rst_inst/reset_pol                             |                1 |              3 |         3.00 |
|  led_system_i/processing_system7_0/inst/FCLK_CLK0 |                                                                                                                                                                     | led_system_i/axi_smc/inst/s00_nodes/s00_b_node/inst/s_sc_xpm_cdc_async_rst_inst/reset_pol                              |                1 |              3 |         3.00 |
|  led_system_i/processing_system7_0/inst/FCLK_CLK0 |                                                                                                                                                                     | led_system_i/axi_smc/inst/s00_nodes/s00_r_node/inst/s_sc_xpm_cdc_async_rst_inst/reset_pol                              |                1 |              3 |         3.00 |
|  led_system_i/processing_system7_0/inst/FCLK_CLK0 |                                                                                                                                                                     | led_system_i/axi_smc/inst/s00_nodes/s00_w_node/inst/s_sc_xpm_cdc_async_rst_inst/reset_pol                              |                1 |              3 |         3.00 |
|  led_system_i/processing_system7_0/inst/FCLK_CLK0 |                                                                                                                                                                     | led_system_i/axi_smc/inst/clk_map/psr_aclk/U0/EXT_LPF/lpf_int                                                          |                1 |              4 |         4.00 |
|  led_system_i/processing_system7_0/inst/FCLK_CLK0 |                                                                                                                                                                     | led_system_i/proc_sys_reset_0/U0/EXT_LPF/lpf_int                                                                       |                2 |              4 |         2.00 |
|  led_system_i/processing_system7_0/inst/FCLK_CLK0 | led_system_i/axi_smc/inst/s00_entry_pipeline/s00_si_converter/inst/gen_axilite_conv.axilite_conv_inst/r_state                                                       | led_system_i/axi_smc/inst/s00_entry_pipeline/s00_si_converter/inst/areset                                              |                1 |              4 |         4.00 |
|  led_system_i/processing_system7_0/inst/FCLK_CLK0 | led_system_i/axi_smc/inst/clk_map/psr_aclk/U0/SEQ/seq_cnt_en                                                                                                        | led_system_i/axi_smc/inst/clk_map/psr_aclk/U0/SEQ/SEQ_COUNTER/clear                                                    |                1 |              6 |         6.00 |
|  led_system_i/processing_system7_0/inst/FCLK_CLK0 | led_system_i/proc_sys_reset_0/U0/SEQ/seq_cnt_en                                                                                                                     | led_system_i/proc_sys_reset_0/U0/SEQ/SEQ_COUNTER/clear                                                                 |                1 |              6 |         6.00 |
|  led_system_i/processing_system7_0/inst/FCLK_CLK0 | led_system_i/axi_smc/inst/s00_entry_pipeline/s00_mmu/inst/gen_endpoint.decerr_slave_inst/gen_axi.gen_read.read_cnt[7]_i_1_n_0                                       | led_system_i/axi_smc/inst/s00_entry_pipeline/s00_mmu/inst/areset                                                       |                3 |              8 |         2.67 |
|  led_system_i/processing_system7_0/inst/FCLK_CLK0 | led_system_i/axi_smc/inst/s00_entry_pipeline/s00_si_converter/inst/gen_axilite_conv.axilite_conv_inst/ar_cnt[7]_i_1_n_0                                             | led_system_i/axi_smc/inst/s00_entry_pipeline/s00_si_converter/inst/areset                                              |                4 |              8 |         2.00 |
|  led_system_i/processing_system7_0/inst/FCLK_CLK0 | led_system_i/axi_smc/inst/s00_entry_pipeline/s00_si_converter/inst/gen_axilite_conv.axilite_conv_inst/r_beats[7]_i_1_n_0                                            | led_system_i/axi_smc/inst/s00_entry_pipeline/s00_si_converter/inst/areset                                              |                4 |              8 |         2.00 |
|  led_system_i/processing_system7_0/inst/FCLK_CLK0 | led_system_i/led_controller_0/inst/led_controller_slave_lite_v1_0_S_AXI_inst/slv_reg1[23]_i_1_n_0                                                                   | led_system_i/led_controller_0/inst/led_controller_slave_lite_v1_0_S_AXI_inst/slv_reg0[3]_i_1_n_0                       |                1 |              8 |         8.00 |
|  led_system_i/processing_system7_0/inst/FCLK_CLK0 | led_system_i/led_controller_0/inst/led_controller_slave_lite_v1_0_S_AXI_inst/slv_reg2[31]_i_1_n_0                                                                   | led_system_i/led_controller_0/inst/led_controller_slave_lite_v1_0_S_AXI_inst/slv_reg0[3]_i_1_n_0                       |                2 |              8 |         4.00 |
|  led_system_i/processing_system7_0/inst/FCLK_CLK0 | led_system_i/led_controller_0/inst/led_controller_slave_lite_v1_0_S_AXI_inst/slv_reg2[7]_i_1_n_0                                                                    | led_system_i/led_controller_0/inst/led_controller_slave_lite_v1_0_S_AXI_inst/slv_reg0[3]_i_1_n_0                       |                1 |              8 |         8.00 |
|  led_system_i/processing_system7_0/inst/FCLK_CLK0 | led_system_i/led_controller_0/inst/led_controller_slave_lite_v1_0_S_AXI_inst/slv_reg3[23]_i_1_n_0                                                                   | led_system_i/led_controller_0/inst/led_controller_slave_lite_v1_0_S_AXI_inst/slv_reg0[3]_i_1_n_0                       |                2 |              8 |         4.00 |
|  led_system_i/processing_system7_0/inst/FCLK_CLK0 | led_system_i/led_controller_0/inst/led_controller_slave_lite_v1_0_S_AXI_inst/p_1_in[23]                                                                             | led_system_i/led_controller_0/inst/led_controller_slave_lite_v1_0_S_AXI_inst/slv_reg0[3]_i_1_n_0                       |                1 |              8 |         8.00 |
|  led_system_i/processing_system7_0/inst/FCLK_CLK0 | led_system_i/led_controller_0/inst/led_controller_slave_lite_v1_0_S_AXI_inst/slv_reg3[31]_i_1_n_0                                                                   | led_system_i/led_controller_0/inst/led_controller_slave_lite_v1_0_S_AXI_inst/slv_reg0[3]_i_1_n_0                       |                2 |              8 |         4.00 |
|  led_system_i/processing_system7_0/inst/FCLK_CLK0 | led_system_i/led_controller_0/inst/led_controller_slave_lite_v1_0_S_AXI_inst/slv_reg2[15]_i_1_n_0                                                                   | led_system_i/led_controller_0/inst/led_controller_slave_lite_v1_0_S_AXI_inst/slv_reg0[3]_i_1_n_0                       |                2 |              8 |         4.00 |
|  led_system_i/processing_system7_0/inst/FCLK_CLK0 | led_system_i/led_controller_0/inst/led_controller_slave_lite_v1_0_S_AXI_inst/slv_reg3[15]_i_1_n_0                                                                   | led_system_i/led_controller_0/inst/led_controller_slave_lite_v1_0_S_AXI_inst/slv_reg0[3]_i_1_n_0                       |                2 |              8 |         4.00 |
|  led_system_i/processing_system7_0/inst/FCLK_CLK0 | led_system_i/led_controller_0/inst/led_controller_slave_lite_v1_0_S_AXI_inst/p_1_in[31]                                                                             | led_system_i/led_controller_0/inst/led_controller_slave_lite_v1_0_S_AXI_inst/slv_reg0[3]_i_1_n_0                       |                1 |              8 |         8.00 |
|  led_system_i/processing_system7_0/inst/FCLK_CLK0 | led_system_i/led_controller_0/inst/led_controller_slave_lite_v1_0_S_AXI_inst/slv_reg3[7]_i_1_n_0                                                                    | led_system_i/led_controller_0/inst/led_controller_slave_lite_v1_0_S_AXI_inst/slv_reg0[3]_i_1_n_0                       |                1 |              8 |         8.00 |
|  led_system_i/processing_system7_0/inst/FCLK_CLK0 | led_system_i/led_controller_0/inst/led_controller_slave_lite_v1_0_S_AXI_inst/slv_reg1[31]_i_1_n_0                                                                   | led_system_i/led_controller_0/inst/led_controller_slave_lite_v1_0_S_AXI_inst/slv_reg0[3]_i_1_n_0                       |                1 |              8 |         8.00 |
|  led_system_i/processing_system7_0/inst/FCLK_CLK0 | led_system_i/led_controller_0/inst/led_controller_slave_lite_v1_0_S_AXI_inst/slv_reg1[7]_i_1_n_0                                                                    | led_system_i/led_controller_0/inst/led_controller_slave_lite_v1_0_S_AXI_inst/slv_reg0[3]_i_1_n_0                       |                1 |              8 |         8.00 |
|  led_system_i/processing_system7_0/inst/FCLK_CLK0 | led_system_i/led_controller_0/inst/led_controller_slave_lite_v1_0_S_AXI_inst/p_1_in[15]                                                                             | led_system_i/led_controller_0/inst/led_controller_slave_lite_v1_0_S_AXI_inst/slv_reg0[3]_i_1_n_0                       |                2 |              8 |         4.00 |
|  led_system_i/processing_system7_0/inst/FCLK_CLK0 | led_system_i/led_controller_0/inst/led_controller_slave_lite_v1_0_S_AXI_inst/slv_reg1[15]_i_1_n_0                                                                   | led_system_i/led_controller_0/inst/led_controller_slave_lite_v1_0_S_AXI_inst/slv_reg0[3]_i_1_n_0                       |                1 |              8 |         8.00 |
|  led_system_i/processing_system7_0/inst/FCLK_CLK0 | led_system_i/led_controller_0/inst/led_controller_slave_lite_v1_0_S_AXI_inst/slv_reg2[23]_i_1_n_0                                                                   | led_system_i/led_controller_0/inst/led_controller_slave_lite_v1_0_S_AXI_inst/slv_reg0[3]_i_1_n_0                       |                1 |              8 |         8.00 |
|  led_system_i/processing_system7_0/inst/FCLK_CLK0 | led_system_i/axi_smc/inst/s00_entry_pipeline/s00_si_converter/inst/gen_axilite_conv.axilite_conv_inst/s_buser                                                       | led_system_i/axi_smc/inst/s00_entry_pipeline/s00_si_converter/inst/gen_axilite_conv.axilite_conv_inst/b_cnt[8]_i_1_n_0 |                2 |              9 |         4.50 |
|  led_system_i/processing_system7_0/inst/FCLK_CLK0 | led_system_i/axi_smc/inst/s00_entry_pipeline/s00_si_converter/inst/gen_axilite_conv.axilite_conv_inst/w_cnt[8]_i_1_n_0                                              | led_system_i/axi_smc/inst/s00_entry_pipeline/s00_si_converter/inst/areset                                              |                4 |              9 |         2.25 |
|  led_system_i/processing_system7_0/inst/FCLK_CLK0 | led_system_i/axi_smc/inst/s00_entry_pipeline/s00_si_converter/inst/gen_axilite_conv.axilite_conv_inst/ar_addr_d[3]_i_1_n_0                                          | led_system_i/axi_smc/inst/s00_entry_pipeline/s00_si_converter/inst/areset                                              |                4 |             10 |         2.50 |
|  led_system_i/processing_system7_0/inst/FCLK_CLK0 |                                                                                                                                                                     | led_system_i/led_controller_0/inst/led_controller_slave_lite_v1_0_S_AXI_inst/slv_reg0[3]_i_1_n_0                       |                3 |             11 |         3.67 |
|  led_system_i/processing_system7_0/inst/FCLK_CLK0 | led_system_i/axi_smc/inst/s00_entry_pipeline/s00_si_converter/inst/gen_axilite_conv.axilite_conv_inst/aw_addr[3]_i_1_n_0                                            | led_system_i/axi_smc/inst/s00_entry_pipeline/s00_si_converter/inst/areset                                              |                5 |             12 |         2.40 |
|  led_system_i/processing_system7_0/inst/FCLK_CLK0 | led_system_i/axi_smc/inst/s00_entry_pipeline/s00_transaction_regulator/inst/gen_endpoint.gen_r_singleorder.r_singleorder/gen_id_reg.s_rid_i0                        |                                                                                                                        |                4 |             12 |         3.00 |
|  led_system_i/processing_system7_0/inst/FCLK_CLK0 | led_system_i/axi_smc/inst/s00_entry_pipeline/s00_transaction_regulator/inst/gen_endpoint.gen_w_singleorder.w_singleorder/gen_id_reg.s_rid_i0                        |                                                                                                                        |                3 |             12 |         4.00 |
|  led_system_i/processing_system7_0/inst/FCLK_CLK0 | led_system_i/led_controller_0/inst/led_controller_slave_lite_v1_0_S_AXI_inst/p_1_in[3]                                                                              | led_system_i/led_controller_0/inst/led_controller_slave_lite_v1_0_S_AXI_inst/slv_reg0[3]_i_1_n_0                       |                4 |             12 |         3.00 |
|  led_system_i/processing_system7_0/inst/FCLK_CLK0 | led_system_i/axi_smc/inst/s00_entry_pipeline/s00_mmu/inst/gen_endpoint.decerr_slave_inst/gen_axi.gen_read.s_axi_rid_i[11]_i_1_n_0                                   | led_system_i/axi_smc/inst/s00_entry_pipeline/s00_mmu/inst/areset                                                       |                5 |             12 |         2.40 |
|  led_system_i/processing_system7_0/inst/FCLK_CLK0 | led_system_i/axi_smc/inst/s00_entry_pipeline/s00_mmu/inst/gen_endpoint.decerr_slave_inst/gen_axi.gen_write.s_axi_bid_i[11]_i_1_n_0                                  | led_system_i/axi_smc/inst/s00_entry_pipeline/s00_mmu/inst/areset                                                       |                3 |             12 |         4.00 |
|  led_system_i/processing_system7_0/inst/FCLK_CLK0 |                                                                                                                                                                     | led_system_i/axi_smc/inst/s00_entry_pipeline/s00_si_converter/inst/areset                                              |               10 |             20 |         2.00 |
|  led_system_i/processing_system7_0/inst/FCLK_CLK0 |                                                                                                                                                                     | led_system_i/axi_smc/inst/s00_entry_pipeline/s00_mmu/inst/areset                                                       |               12 |             23 |         1.92 |
|  led_system_i/processing_system7_0/inst/FCLK_CLK0 | led_system_i/axi_smc/inst/s00_entry_pipeline/s00_si_converter/inst/gen_axilite_conv.axilite_conv_inst/m_aruser                                                      | led_system_i/axi_smc/inst/s00_entry_pipeline/s00_si_converter/inst/areset                                              |               11 |             30 |         2.73 |
|  led_system_i/processing_system7_0/inst/FCLK_CLK0 | led_system_i/axi_smc/inst/s00_entry_pipeline/s00_mmu/inst/ar_reg_stall/skid_buffer[1136]_i_1_n_0                                                                    |                                                                                                                        |                8 |             32 |         4.00 |
|  led_system_i/processing_system7_0/inst/FCLK_CLK0 | led_system_i/axi_smc/inst/s00_nodes/s00_r_node/inst/inst_mi_handler/gen_normal_area.inst_fifo_node_payld/gen_reg_fifo.inst_reg_fifo/gen_single_rank.inst_cntr/E[0]  |                                                                                                                        |               10 |             32 |         3.20 |
|  led_system_i/processing_system7_0/inst/FCLK_CLK0 | led_system_i/axi_smc/inst/s00_entry_pipeline/s00_mmu/inst/aw_reg_stall/skid_buffer[1136]_i_1__0_n_0                                                                 |                                                                                                                        |                7 |             32 |         4.57 |
|  led_system_i/processing_system7_0/inst/FCLK_CLK0 | led_system_i/axi_smc/inst/s00_entry_pipeline/s00_mmu/inst/aw_reg_stall/m_vector_i                                                                                   |                                                                                                                        |                8 |             32 |         4.00 |
|  led_system_i/processing_system7_0/inst/FCLK_CLK0 | led_system_i/axi_smc/inst/s00_entry_pipeline/s00_si_converter/inst/gen_axilite_conv.axilite_conv_inst/s_axi_rdata_i[31]_i_1_n_0                                     | led_system_i/axi_smc/inst/s00_entry_pipeline/s00_si_converter/inst/areset                                              |                4 |             32 |         8.00 |
|  led_system_i/processing_system7_0/inst/FCLK_CLK0 | led_system_i/axi_smc/inst/s00_entry_pipeline/s00_mmu/inst/ar_reg_stall/m_vector_i                                                                                   |                                                                                                                        |                6 |             32 |         5.33 |
|  led_system_i/processing_system7_0/inst/FCLK_CLK0 | led_system_i/axi_smc/inst/s00_nodes/s00_w_node/inst/inst_mi_handler/gen_normal_area.inst_fifo_node_payld/gen_reg_fifo.inst_reg_fifo/gen_single_rank.inst_cntr/E[0]  |                                                                                                                        |                8 |             36 |         4.50 |
|  led_system_i/processing_system7_0/inst/FCLK_CLK0 |                                                                                                                                                                     |                                                                                                                        |               45 |            141 |         3.13 |
+---------------------------------------------------+---------------------------------------------------------------------------------------------------------------------------------------------------------------------+------------------------------------------------------------------------------------------------------------------------+------------------+----------------+--------------+


